./usr/bin/ex
./usr/bin/rview
./usr/bin/rvim
./usr/bin/view
./usr/bin/vim
./usr/bin/vimdiff
./usr/share/vim
./usr/share/vim/vim82
./usr/share/vim/vim82/autoload
./usr/share/vim/vim82/autoload/adacomplete.vim
./usr/share/vim/vim82/autoload/ada.vim
./usr/share/vim/vim82/autoload/ccomplete.vim
./usr/share/vim/vim82/autoload/csscomplete.vim
./usr/share/vim/vim82/autoload/decada.vim
./usr/share/vim/vim82/autoload/getscript.vim
./usr/share/vim/vim82/autoload/gnat.vim
./usr/share/vim/vim82/autoload/gzip.vim
./usr/share/vim/vim82/autoload/htmlcomplete.vim
./usr/share/vim/vim82/autoload/javascriptcomplete.vim
./usr/share/vim/vim82/autoload/netrwFileHandlers.vim
./usr/share/vim/vim82/autoload/netrwSettings.vim
./usr/share/vim/vim82/autoload/netrw.vim
./usr/share/vim/vim82/autoload/paste.vim
./usr/share/vim/vim82/autoload/phpcomplete.vim
./usr/share/vim/vim82/autoload/pythoncomplete.vim
./usr/share/vim/vim82/autoload/README.txt
./usr/share/vim/vim82/autoload/rubycomplete.vim
./usr/share/vim/vim82/autoload/spellfile.vim
./usr/share/vim/vim82/autoload/sqlcomplete.vim
./usr/share/vim/vim82/autoload/syntaxcomplete.vim
./usr/share/vim/vim82/autoload/tar.vim
./usr/share/vim/vim82/autoload/vimball.vim
./usr/share/vim/vim82/autoload/xml
./usr/share/vim/vim82/autoload/xmlcomplete.vim
./usr/share/vim/vim82/autoload/xml/html32.vim
./usr/share/vim/vim82/autoload/xml/html401f.vim
./usr/share/vim/vim82/autoload/xml/html401s.vim
./usr/share/vim/vim82/autoload/xml/html401t.vim
./usr/share/vim/vim82/autoload/xml/html40f.vim
./usr/share/vim/vim82/autoload/xml/html40s.vim
./usr/share/vim/vim82/autoload/xml/html40t.vim
./usr/share/vim/vim82/autoload/xml/xhtml10f.vim
./usr/share/vim/vim82/autoload/xml/xhtml10s.vim
./usr/share/vim/vim82/autoload/xml/xhtml10t.vim
./usr/share/vim/vim82/autoload/xml/xhtml11.vim
./usr/share/vim/vim82/autoload/xml/xsd.vim
./usr/share/vim/vim82/autoload/xml/xsl.vim
./usr/share/vim/vim82/autoload/zip.vim
./usr/share/vim/vim82/bugreport.vim
./usr/share/vim/vim82/colors
./usr/share/vim/vim82/colors/blue.vim
./usr/share/vim/vim82/colors/darkblue.vim
./usr/share/vim/vim82/colors/default.vim
./usr/share/vim/vim82/colors/delek.vim
./usr/share/vim/vim82/colors/desert.vim
./usr/share/vim/vim82/colors/elflord.vim
./usr/share/vim/vim82/colors/evening.vim
./usr/share/vim/vim82/colors/koehler.vim
./usr/share/vim/vim82/colors/morning.vim
./usr/share/vim/vim82/colors/murphy.vim
./usr/share/vim/vim82/colors/pablo.vim
./usr/share/vim/vim82/colors/peachpuff.vim
./usr/share/vim/vim82/colors/README.txt
./usr/share/vim/vim82/colors/ron.vim
./usr/share/vim/vim82/colors/shine.vim
./usr/share/vim/vim82/colors/slate.vim
./usr/share/vim/vim82/colors/torte.vim
./usr/share/vim/vim82/colors/zellner.vim
./usr/share/vim/vim82/compiler
./usr/share/vim/vim82/compiler/ant.vim
./usr/share/vim/vim82/compiler/bcc.vim
./usr/share/vim/vim82/compiler/bdf.vim
./usr/share/vim/vim82/compiler/checkstyle.vim
./usr/share/vim/vim82/compiler/cs.vim
./usr/share/vim/vim82/compiler/decada.vim
./usr/share/vim/vim82/compiler/dot.vim
./usr/share/vim/vim82/compiler/eruby.vim
./usr/share/vim/vim82/compiler/fortran_cv.vim
./usr/share/vim/vim82/compiler/fortran_elf90.vim
./usr/share/vim/vim82/compiler/fortran_F.vim
./usr/share/vim/vim82/compiler/fortran_g77.vim
./usr/share/vim/vim82/compiler/fortran_lf95.vim
./usr/share/vim/vim82/compiler/fpc.vim
./usr/share/vim/vim82/compiler/gcc.vim
./usr/share/vim/vim82/compiler/gnat.vim
./usr/share/vim/vim82/compiler/hp_acc.vim
./usr/share/vim/vim82/compiler/icc.vim
./usr/share/vim/vim82/compiler/intel.vim
./usr/share/vim/vim82/compiler/irix5_cpp.vim
./usr/share/vim/vim82/compiler/irix5_c.vim
./usr/share/vim/vim82/compiler/javac.vim
./usr/share/vim/vim82/compiler/jikes.vim
./usr/share/vim/vim82/compiler/mcs.vim
./usr/share/vim/vim82/compiler/mips_c.vim
./usr/share/vim/vim82/compiler/mipspro_c89.vim
./usr/share/vim/vim82/compiler/mipspro_cpp.vim
./usr/share/vim/vim82/compiler/modelsim_vcom.vim
./usr/share/vim/vim82/compiler/msvc.vim
./usr/share/vim/vim82/compiler/neato.vim
./usr/share/vim/vim82/compiler/onsgmls.vim
./usr/share/vim/vim82/compiler/pbx.vim
./usr/share/vim/vim82/compiler/perl.vim
./usr/share/vim/vim82/compiler/php.vim
./usr/share/vim/vim82/compiler/pyunit.vim
./usr/share/vim/vim82/compiler/README.txt
./usr/share/vim/vim82/compiler/rst.vim
./usr/share/vim/vim82/compiler/rubyunit.vim
./usr/share/vim/vim82/compiler/ruby.vim
./usr/share/vim/vim82/compiler/se.vim
./usr/share/vim/vim82/compiler/splint.vim
./usr/share/vim/vim82/compiler/tcl.vim
./usr/share/vim/vim82/compiler/tex.vim
./usr/share/vim/vim82/compiler/tidy.vim
./usr/share/vim/vim82/compiler/xmllint.vim
./usr/share/vim/vim82/compiler/xmlwf.vim
./usr/share/vim/vim82/delmenu.vim
./usr/share/vim/vim82/doc
./usr/share/vim/vim82/doc/ada.txt
./usr/share/vim/vim82/doc/arabic.txt
./usr/share/vim/vim82/doc/autocmd.txt
./usr/share/vim/vim82/doc/change.txt
./usr/share/vim/vim82/doc/cmdline.txt
./usr/share/vim/vim82/doc/debugger.txt
./usr/share/vim/vim82/doc/debug.txt
./usr/share/vim/vim82/doc/develop.txt
./usr/share/vim/vim82/doc/diff.txt
./usr/share/vim/vim82/doc/digraph.txt
./usr/share/vim/vim82/doc/editing.txt
./usr/share/vim/vim82/doc/eval.txt
./usr/share/vim/vim82/doc/farsi.txt
./usr/share/vim/vim82/doc/filetype.txt
./usr/share/vim/vim82/doc/fold.txt
./usr/share/vim/vim82/doc/gui.txt
./usr/share/vim/vim82/doc/gui_w16.txt
./usr/share/vim/vim82/doc/gui_w32.txt
./usr/share/vim/vim82/doc/gui_x11.txt
./usr/share/vim/vim82/doc/hangulin.txt
./usr/share/vim/vim82/doc/hebrew.txt
./usr/share/vim/vim82/doc/help.txt
./usr/share/vim/vim82/doc/howto.txt
./usr/share/vim/vim82/doc/if_cscop.txt
./usr/share/vim/vim82/doc/if_mzsch.txt
./usr/share/vim/vim82/doc/if_ole.txt
./usr/share/vim/vim82/doc/if_perl.txt
./usr/share/vim/vim82/doc/if_pyth.txt
./usr/share/vim/vim82/doc/if_ruby.txt
./usr/share/vim/vim82/doc/if_sniff.txt
./usr/share/vim/vim82/doc/if_tcl.txt
./usr/share/vim/vim82/doc/indent.txt
./usr/share/vim/vim82/doc/index.txt
./usr/share/vim/vim82/doc/insert.txt
./usr/share/vim/vim82/doc/intro.txt
./usr/share/vim/vim82/doc/map.txt
./usr/share/vim/vim82/doc/mbyte.txt
./usr/share/vim/vim82/doc/message.txt
./usr/share/vim/vim82/doc/mlang.txt
./usr/share/vim/vim82/doc/motion.txt
./usr/share/vim/vim82/doc/netbeans.txt
./usr/share/vim/vim82/doc/options.txt
./usr/share/vim/vim82/doc/os_390.txt
./usr/share/vim/vim82/doc/os_amiga.txt
./usr/share/vim/vim82/doc/os_beos.txt
./usr/share/vim/vim82/doc/os_dos.txt
./usr/share/vim/vim82/doc/os_mac.txt
./usr/share/vim/vim82/doc/os_mint.txt
./usr/share/vim/vim82/doc/os_msdos.txt
./usr/share/vim/vim82/doc/os_os2.txt
./usr/share/vim/vim82/doc/os_qnx.txt
./usr/share/vim/vim82/doc/os_risc.txt
./usr/share/vim/vim82/doc/os_unix.txt
./usr/share/vim/vim82/doc/os_vms.txt
./usr/share/vim/vim82/doc/os_win32.txt
./usr/share/vim/vim82/doc/pattern.txt
./usr/share/vim/vim82/doc/pi_getscript.txt
./usr/share/vim/vim82/doc/pi_gzip.txt
./usr/share/vim/vim82/doc/pi_netrw.txt
./usr/share/vim/vim82/doc/pi_paren.txt
./usr/share/vim/vim82/doc/pi_spec.txt
./usr/share/vim/vim82/doc/pi_tar.txt
./usr/share/vim/vim82/doc/pi_vimball.txt
./usr/share/vim/vim82/doc/pi_zip.txt
./usr/share/vim/vim82/doc/print.txt
./usr/share/vim/vim82/doc/quickfix.txt
./usr/share/vim/vim82/doc/quickref.txt
./usr/share/vim/vim82/doc/quotes.txt
./usr/share/vim/vim82/doc/recover.txt
./usr/share/vim/vim82/doc/remote.txt
./usr/share/vim/vim82/doc/repeat.txt
./usr/share/vim/vim82/doc/rileft.txt
./usr/share/vim/vim82/doc/russian.txt
./usr/share/vim/vim82/doc/scroll.txt
./usr/share/vim/vim82/doc/sign.txt
./usr/share/vim/vim82/doc/spell.txt
./usr/share/vim/vim82/doc/sponsor.txt
./usr/share/vim/vim82/doc/sql.txt
./usr/share/vim/vim82/doc/starting.txt
./usr/share/vim/vim82/doc/syntax.txt
./usr/share/vim/vim82/doc/tabpage.txt
./usr/share/vim/vim82/doc/tags
./usr/share/vim/vim82/doc/tagsrch.txt
./usr/share/vim/vim82/doc/term.txt
./usr/share/vim/vim82/doc/tips.txt
./usr/share/vim/vim82/doc/todo.txt
./usr/share/vim/vim82/doc/uganda.txt
./usr/share/vim/vim82/doc/undo.txt
./usr/share/vim/vim82/doc/usr_01.txt
./usr/share/vim/vim82/doc/usr_02.txt
./usr/share/vim/vim82/doc/usr_03.txt
./usr/share/vim/vim82/doc/usr_04.txt
./usr/share/vim/vim82/doc/usr_05.txt
./usr/share/vim/vim82/doc/usr_06.txt
./usr/share/vim/vim82/doc/usr_07.txt
./usr/share/vim/vim82/doc/usr_08.txt
./usr/share/vim/vim82/doc/usr_09.txt
./usr/share/vim/vim82/doc/usr_10.txt
./usr/share/vim/vim82/doc/usr_11.txt
./usr/share/vim/vim82/doc/usr_12.txt
./usr/share/vim/vim82/doc/usr_20.txt
./usr/share/vim/vim82/doc/usr_21.txt
./usr/share/vim/vim82/doc/usr_22.txt
./usr/share/vim/vim82/doc/usr_23.txt
./usr/share/vim/vim82/doc/usr_24.txt
./usr/share/vim/vim82/doc/usr_25.txt
./usr/share/vim/vim82/doc/usr_26.txt
./usr/share/vim/vim82/doc/usr_27.txt
./usr/share/vim/vim82/doc/usr_28.txt
./usr/share/vim/vim82/doc/usr_29.txt
./usr/share/vim/vim82/doc/usr_30.txt
./usr/share/vim/vim82/doc/usr_31.txt
./usr/share/vim/vim82/doc/usr_32.txt
./usr/share/vim/vim82/doc/usr_40.txt
./usr/share/vim/vim82/doc/usr_41.txt
./usr/share/vim/vim82/doc/usr_42.txt
./usr/share/vim/vim82/doc/usr_43.txt
./usr/share/vim/vim82/doc/usr_44.txt
./usr/share/vim/vim82/doc/usr_45.txt
./usr/share/vim/vim82/doc/usr_90.txt
./usr/share/vim/vim82/doc/usr_toc.txt
./usr/share/vim/vim82/doc/various.txt
./usr/share/vim/vim82/doc/version4.txt
./usr/share/vim/vim82/doc/version5.txt
./usr/share/vim/vim82/doc/version6.txt
./usr/share/vim/vim82/doc/version7.txt
./usr/share/vim/vim82/doc/vi_diff.txt
./usr/share/vim/vim82/doc/vim2html.pl
./usr/share/vim/vim82/doc/visual.txt
./usr/share/vim/vim82/doc/windows.txt
./usr/share/vim/vim82/doc/workshop.txt
./usr/share/vim/vim82/evim.vim
./usr/share/vim/vim82/filetype.vim
./usr/share/vim/vim82/ftoff.vim
./usr/share/vim/vim82/ftplugin
./usr/share/vim/vim82/ftplugin/a2ps.vim
./usr/share/vim/vim82/ftplugin/aap.vim
./usr/share/vim/vim82/ftplugin/abaqus.vim
./usr/share/vim/vim82/ftplugin/ada.vim
./usr/share/vim/vim82/ftplugin/alsaconf.vim
./usr/share/vim/vim82/ftplugin/ant.vim
./usr/share/vim/vim82/ftplugin/AppendMatchGroup.vim
./usr/share/vim/vim82/ftplugin/arch.vim
./usr/share/vim/vim82/ftplugin/art.vim
./usr/share/vim/vim82/ftplugin/aspvbs.vim
./usr/share/vim/vim82/ftplugin/automake.vim
./usr/share/vim/vim82/ftplugin/bdf.vim
./usr/share/vim/vim82/ftplugin/bst.vim
./usr/share/vim/vim82/ftplugin/btm.vim
./usr/share/vim/vim82/ftplugin/calendar.vim
./usr/share/vim/vim82/ftplugin/changelog.vim
./usr/share/vim/vim82/ftplugin/ch.vim
./usr/share/vim/vim82/ftplugin/cobol.vim
./usr/share/vim/vim82/ftplugin/config.vim
./usr/share/vim/vim82/ftplugin/conf.vim
./usr/share/vim/vim82/ftplugin/context.vim
./usr/share/vim/vim82/ftplugin/cpp.vim
./usr/share/vim/vim82/ftplugin/crm.vim
./usr/share/vim/vim82/ftplugin/csc.vim
./usr/share/vim/vim82/ftplugin/csh.vim
./usr/share/vim/vim82/ftplugin/css.vim
./usr/share/vim/vim82/ftplugin/cs.vim
./usr/share/vim/vim82/ftplugin/c.vim
./usr/share/vim/vim82/ftplugin/cvsrc.vim
./usr/share/vim/vim82/ftplugin/debchangelog.vim
./usr/share/vim/vim82/ftplugin/dictconf.vim
./usr/share/vim/vim82/ftplugin/dictdconf.vim
./usr/share/vim/vim82/ftplugin/diff.vim
./usr/share/vim/vim82/ftplugin/dircolors.vim
./usr/share/vim/vim82/ftplugin/dosbatch.vim
./usr/share/vim/vim82/ftplugin/dtd.vim
./usr/share/vim/vim82/ftplugin/elinks.vim
./usr/share/vim/vim82/ftplugin/eruby.vim
./usr/share/vim/vim82/ftplugin/eterm.vim
./usr/share/vim/vim82/ftplugin/fetchmail.vim
./usr/share/vim/vim82/ftplugin/flexwiki.vim
./usr/share/vim/vim82/ftplugin/fortran.vim
./usr/share/vim/vim82/ftplugin/fvwm.vim
./usr/share/vim/vim82/ftplugin/gpg.vim
./usr/share/vim/vim82/ftplugin/group.vim
./usr/share/vim/vim82/ftplugin/grub.vim
./usr/share/vim/vim82/ftplugin/hamster.vim
./usr/share/vim/vim82/ftplugin/haskell.vim
./usr/share/vim/vim82/ftplugin/help.vim
./usr/share/vim/vim82/ftplugin/htmldjango.vim
./usr/share/vim/vim82/ftplugin/html.vim
./usr/share/vim/vim82/ftplugin/indent.vim
./usr/share/vim/vim82/ftplugin/initex.vim
./usr/share/vim/vim82/ftplugin/ishd.vim
./usr/share/vim/vim82/ftplugin/javascript.vim
./usr/share/vim/vim82/ftplugin/java.vim
./usr/share/vim/vim82/ftplugin/jsp.vim
./usr/share/vim/vim82/ftplugin/kconfig.vim
./usr/share/vim/vim82/ftplugin/kwt.vim
./usr/share/vim/vim82/ftplugin/ld.vim
./usr/share/vim/vim82/ftplugin/lftp.vim
./usr/share/vim/vim82/ftplugin/libao.vim
./usr/share/vim/vim82/ftplugin/limits.vim
./usr/share/vim/vim82/ftplugin/lisp.vim
./usr/share/vim/vim82/ftplugin/loginaccess.vim
./usr/share/vim/vim82/ftplugin/logindefs.vim
./usr/share/vim/vim82/ftplugin/lprolog.vim
./usr/share/vim/vim82/ftplugin/lua.vim
./usr/share/vim/vim82/ftplugin/m4.vim
./usr/share/vim/vim82/ftplugin/mailaliases.vim
./usr/share/vim/vim82/ftplugin/mailcap.vim
./usr/share/vim/vim82/ftplugin/mail.vim
./usr/share/vim/vim82/ftplugin/make.vim
./usr/share/vim/vim82/ftplugin/manconf.vim
./usr/share/vim/vim82/ftplugin/man.vim
./usr/share/vim/vim82/ftplugin/matlab.vim
./usr/share/vim/vim82/ftplugin/mf.vim
./usr/share/vim/vim82/ftplugin/modconf.vim
./usr/share/vim/vim82/ftplugin/mplayerconf.vim
./usr/share/vim/vim82/ftplugin/mp.vim
./usr/share/vim/vim82/ftplugin/mrxvtrc.vim
./usr/share/vim/vim82/ftplugin/mupad.vim
./usr/share/vim/vim82/ftplugin/muttrc.vim
./usr/share/vim/vim82/ftplugin/nanorc.vim
./usr/share/vim/vim82/ftplugin/netrc.vim
./usr/share/vim/vim82/ftplugin/objc.vim
./usr/share/vim/vim82/ftplugin/ocaml.vim
./usr/share/vim/vim82/ftplugin/occam.vim
./usr/share/vim/vim82/ftplugin/pamconf.vim
./usr/share/vim/vim82/ftplugin/pascal.vim
./usr/share/vim/vim82/ftplugin/passwd.vim
./usr/share/vim/vim82/ftplugin/perl.vim
./usr/share/vim/vim82/ftplugin/php.vim
./usr/share/vim/vim82/ftplugin/pinfo.vim
./usr/share/vim/vim82/ftplugin/plaintex.vim
./usr/share/vim/vim82/ftplugin/postscr.vim
./usr/share/vim/vim82/ftplugin/procmail.vim
./usr/share/vim/vim82/ftplugin/prolog.vim
./usr/share/vim/vim82/ftplugin/protocols.vim
./usr/share/vim/vim82/ftplugin/pyrex.vim
./usr/share/vim/vim82/ftplugin/python.vim
./usr/share/vim/vim82/ftplugin/quake.vim
./usr/share/vim/vim82/ftplugin/racc.vim
./usr/share/vim/vim82/ftplugin/readline.vim
./usr/share/vim/vim82/ftplugin/README.txt
./usr/share/vim/vim82/ftplugin/rnc.vim
./usr/share/vim/vim82/ftplugin/rpl.vim
./usr/share/vim/vim82/ftplugin/rst.vim
./usr/share/vim/vim82/ftplugin/ruby.vim
./usr/share/vim/vim82/ftplugin/scheme.vim
./usr/share/vim/vim82/ftplugin/screen.vim
./usr/share/vim/vim82/ftplugin/sensors.vim
./usr/share/vim/vim82/ftplugin/services.vim
./usr/share/vim/vim82/ftplugin/setserial.vim
./usr/share/vim/vim82/ftplugin/sgml.vim
./usr/share/vim/vim82/ftplugin/sh.vim
./usr/share/vim/vim82/ftplugin/sieve.vim
./usr/share/vim/vim82/ftplugin/slpconf.vim
./usr/share/vim/vim82/ftplugin/slpreg.vim
./usr/share/vim/vim82/ftplugin/slpspi.vim
./usr/share/vim/vim82/ftplugin/spec.vim
./usr/share/vim/vim82/ftplugin/sql.vim
./usr/share/vim/vim82/ftplugin/sshconfig.vim
./usr/share/vim/vim82/ftplugin/sudoers.vim
./usr/share/vim/vim82/ftplugin/svg.vim
./usr/share/vim/vim82/ftplugin/sysctl.vim
./usr/share/vim/vim82/ftplugin/tcsh.vim
./usr/share/vim/vim82/ftplugin/terminfo.vim
./usr/share/vim/vim82/ftplugin/tex.vim
./usr/share/vim/vim82/ftplugin/udevconf.vim
./usr/share/vim/vim82/ftplugin/udevperm.vim
./usr/share/vim/vim82/ftplugin/udevrules.vim
./usr/share/vim/vim82/ftplugin/updatedb.vim
./usr/share/vim/vim82/ftplugin/vb.vim
./usr/share/vim/vim82/ftplugin/verilog.vim
./usr/share/vim/vim82/ftplugin/vhdl.vim
./usr/share/vim/vim82/ftplugin.vim
./usr/share/vim/vim82/ftplugin/vim.vim
./usr/share/vim/vim82/ftplugin/xdefaults.vim
./usr/share/vim/vim82/ftplugin/xf86conf.vim
./usr/share/vim/vim82/ftplugin/xhtml.vim
./usr/share/vim/vim82/ftplugin/xinetd.vim
./usr/share/vim/vim82/ftplugin/xml.vim
./usr/share/vim/vim82/ftplugin/xmodmap.vim
./usr/share/vim/vim82/ftplugin/xsd.vim
./usr/share/vim/vim82/ftplugin/xslt.vim
./usr/share/vim/vim82/ftplugin/xs.vim
./usr/share/vim/vim82/ftplugin/yaml.vim
./usr/share/vim/vim82/ftplugin/zsh.vim
./usr/share/vim/vim82/ftplugof.vim
./usr/share/vim/vim82/gvimrc_example.vim
./usr/share/vim/vim82/indent
./usr/share/vim/vim82/indent/aap.vim
./usr/share/vim/vim82/indent/ada.vim
./usr/share/vim/vim82/indent/ant.vim
./usr/share/vim/vim82/indent/automake.vim
./usr/share/vim/vim82/indent/awk.vim
./usr/share/vim/vim82/indent/bib.vim
./usr/share/vim/vim82/indent/bst.vim
./usr/share/vim/vim82/indent/cdl.vim
./usr/share/vim/vim82/indent/changelog.vim
./usr/share/vim/vim82/indent/ch.vim
./usr/share/vim/vim82/indent/cmake.vim
./usr/share/vim/vim82/indent/cobol.vim
./usr/share/vim/vim82/indent/config.vim
./usr/share/vim/vim82/indent/cpp.vim
./usr/share/vim/vim82/indent/css.vim
./usr/share/vim/vim82/indent/cs.vim
./usr/share/vim/vim82/indent/c.vim
./usr/share/vim/vim82/indent/dictconf.vim
./usr/share/vim/vim82/indent/dictdconf.vim
./usr/share/vim/vim82/indent/docbk.vim
./usr/share/vim/vim82/indent/d.vim
./usr/share/vim/vim82/indent/dylan.vim
./usr/share/vim/vim82/indent/eiffel.vim
./usr/share/vim/vim82/indent/eruby.vim
./usr/share/vim/vim82/indent/eterm.vim
./usr/share/vim/vim82/indent/fortran.vim
./usr/share/vim/vim82/indent/GenericIndent.vim
./usr/share/vim/vim82/indent/hamster.vim
./usr/share/vim/vim82/indent/htmldjango.vim
./usr/share/vim/vim82/indent/html.vim
./usr/share/vim/vim82/indent/idlang.vim
./usr/share/vim/vim82/indent/ishd.vim
./usr/share/vim/vim82/indent/javascript.vim
./usr/share/vim/vim82/indent/java.vim
./usr/share/vim/vim82/indent/jsp.vim
./usr/share/vim/vim82/indent/ld.vim
./usr/share/vim/vim82/indent/lisp.vim
./usr/share/vim/vim82/indent/lua.vim
./usr/share/vim/vim82/indent/make.vim
./usr/share/vim/vim82/indent/matlab.vim
./usr/share/vim/vim82/indent/mma.vim
./usr/share/vim/vim82/indent/mp.vim
./usr/share/vim/vim82/indent/mupad.vim
./usr/share/vim/vim82/indent/objc.vim
./usr/share/vim/vim82/indent/ocaml.vim
./usr/share/vim/vim82/indent/occam.vim
./usr/share/vim/vim82/indent/pascal.vim
./usr/share/vim/vim82/indent/perl.vim
./usr/share/vim/vim82/indent/php.vim
./usr/share/vim/vim82/indent/postscr.vim
./usr/share/vim/vim82/indent/pov.vim
./usr/share/vim/vim82/indent/prolog.vim
./usr/share/vim/vim82/indent/pyrex.vim
./usr/share/vim/vim82/indent/python.vim
./usr/share/vim/vim82/indent/readline.vim
./usr/share/vim/vim82/indent/README.txt
./usr/share/vim/vim82/indent/rpl.vim
./usr/share/vim/vim82/indent/rst.vim
./usr/share/vim/vim82/indent/ruby.vim
./usr/share/vim/vim82/indent/scheme.vim
./usr/share/vim/vim82/indent/sdl.vim
./usr/share/vim/vim82/indent/sh.vim
./usr/share/vim/vim82/indent/sml.vim
./usr/share/vim/vim82/indent/sqlanywhere.vim
./usr/share/vim/vim82/indent/sql.vim
./usr/share/vim/vim82/indent/tcl.vim
./usr/share/vim/vim82/indent/tcsh.vim
./usr/share/vim/vim82/indent/tilde.vim
./usr/share/vim/vim82/indent/vb.vim
./usr/share/vim/vim82/indent/verilog.vim
./usr/share/vim/vim82/indent/vhdl.vim
./usr/share/vim/vim82/indent.vim
./usr/share/vim/vim82/indent/vim.vim
./usr/share/vim/vim82/indent/xf86conf.vim
./usr/share/vim/vim82/indent/xhtml.vim
./usr/share/vim/vim82/indent/xinetd.vim
./usr/share/vim/vim82/indent/xml.vim
./usr/share/vim/vim82/indent/xsd.vim
./usr/share/vim/vim82/indent/xslt.vim
./usr/share/vim/vim82/indent/yacc.vim
./usr/share/vim/vim82/indent/zsh.vim
./usr/share/vim/vim82/indoff.vim
./usr/share/vim/vim82/macros
./usr/share/vim/vim82/macros/dvorak
./usr/share/vim/vim82/macros/editexisting.vim
./usr/share/vim/vim82/macros/hanoi
./usr/share/vim/vim82/macros/hanoi/click.me
./usr/share/vim/vim82/macros/hanoi/hanoi.vim
./usr/share/vim/vim82/macros/hanoi/poster
./usr/share/vim/vim82/macros/justify.vim
./usr/share/vim/vim82/macros/less.sh
./usr/share/vim/vim82/macros/less.vim
./usr/share/vim/vim82/macros/life
./usr/share/vim/vim82/macros/life/click.me
./usr/share/vim/vim82/macros/life/life.vim
./usr/share/vim/vim82/macros/matchit.txt
./usr/share/vim/vim82/macros/matchit.vim
./usr/share/vim/vim82/macros/maze
./usr/share/vim/vim82/macros/maze/main.aap
./usr/share/vim/vim82/macros/maze/Makefile
./usr/share/vim/vim82/macros/maze/maze_5.78
./usr/share/vim/vim82/macros/maze/mazeansi.c
./usr/share/vim/vim82/macros/maze/maze.c
./usr/share/vim/vim82/macros/maze/mazeclean.c
./usr/share/vim/vim82/macros/maze/maze_mac
./usr/share/vim/vim82/macros/maze/poster
./usr/share/vim/vim82/macros/maze/README.txt
./usr/share/vim/vim82/macros/README.txt
./usr/share/vim/vim82/macros/shellmenu.vim
./usr/share/vim/vim82/macros/swapmous.vim
./usr/share/vim/vim82/macros/urm
./usr/share/vim/vim82/macros/urm/examples
./usr/share/vim/vim82/macros/urm/README.txt
./usr/share/vim/vim82/macros/urm/urm
./usr/share/vim/vim82/macros/urm/urm.vim
./usr/share/vim/vim82/menu.vim
./usr/share/vim/vim82/mswin.vim
./usr/share/vim/vim82/optwin.vim
./usr/share/vim/vim82/plugin
./usr/share/vim/vim82/plugin/getscriptPlugin.vim
./usr/share/vim/vim82/plugin/gzip.vim
./usr/share/vim/vim82/plugin/matchparen.vim
./usr/share/vim/vim82/plugin/netrwPlugin.vim
./usr/share/vim/vim82/plugin/README.txt
./usr/share/vim/vim82/plugin/rrhelper.vim
./usr/share/vim/vim82/plugin/spellfile.vim
./usr/share/vim/vim82/plugin/tarPlugin.vim
./usr/share/vim/vim82/plugin/tohtml.vim
./usr/share/vim/vim82/plugin/vimballPlugin.vim
./usr/share/vim/vim82/plugin/zipPlugin.vim
./usr/share/vim/vim82/print
./usr/share/vim/vim82/print/ascii.ps
./usr/share/vim/vim82/print/cidfont.ps
./usr/share/vim/vim82/print/cns_roman.ps
./usr/share/vim/vim82/print/cp1250.ps
./usr/share/vim/vim82/print/cp1251.ps
./usr/share/vim/vim82/print/cp1252.ps
./usr/share/vim/vim82/print/cp1253.ps
./usr/share/vim/vim82/print/cp1254.ps
./usr/share/vim/vim82/print/cp1255.ps
./usr/share/vim/vim82/print/cp1257.ps
./usr/share/vim/vim82/print/dec-mcs.ps
./usr/share/vim/vim82/print/ebcdic-uk.ps
./usr/share/vim/vim82/print/gb_roman.ps
./usr/share/vim/vim82/print/hp-roman8.ps
./usr/share/vim/vim82/print/iso-8859-10.ps
./usr/share/vim/vim82/print/iso-8859-11.ps
./usr/share/vim/vim82/print/iso-8859-13.ps
./usr/share/vim/vim82/print/iso-8859-14.ps
./usr/share/vim/vim82/print/iso-8859-15.ps
./usr/share/vim/vim82/print/iso-8859-2.ps
./usr/share/vim/vim82/print/iso-8859-3.ps
./usr/share/vim/vim82/print/iso-8859-4.ps
./usr/share/vim/vim82/print/iso-8859-5.ps
./usr/share/vim/vim82/print/iso-8859-7.ps
./usr/share/vim/vim82/print/iso-8859-8.ps
./usr/share/vim/vim82/print/iso-8859-9.ps
./usr/share/vim/vim82/print/jis_roman.ps
./usr/share/vim/vim82/print/koi8-r.ps
./usr/share/vim/vim82/print/koi8-u.ps
./usr/share/vim/vim82/print/ks_roman.ps
./usr/share/vim/vim82/print/latin1.ps
./usr/share/vim/vim82/print/mac-roman.ps
./usr/share/vim/vim82/print/prolog.ps
./usr/share/vim/vim82/scripts.vim
./usr/share/vim/vim82/spell
./usr/share/vim/vim82/synmenu.vim
./usr/share/vim/vim82/syntax
./usr/share/vim/vim82/syntax/2html.vim
./usr/share/vim/vim82/syntax/a2ps.vim
./usr/share/vim/vim82/syntax/a65.vim
./usr/share/vim/vim82/syntax/aap.vim
./usr/share/vim/vim82/syntax/abap.vim
./usr/share/vim/vim82/syntax/abaqus.vim
./usr/share/vim/vim82/syntax/abc.vim
./usr/share/vim/vim82/syntax/abel.vim
./usr/share/vim/vim82/syntax/acedb.vim
./usr/share/vim/vim82/syntax/ada.vim
./usr/share/vim/vim82/syntax/aflex.vim
./usr/share/vim/vim82/syntax/ahdl.vim
./usr/share/vim/vim82/syntax/alsaconf.vim
./usr/share/vim/vim82/syntax/amiga.vim
./usr/share/vim/vim82/syntax/aml.vim
./usr/share/vim/vim82/syntax/ampl.vim
./usr/share/vim/vim82/syntax/antlr.vim
./usr/share/vim/vim82/syntax/ant.vim
./usr/share/vim/vim82/syntax/apachestyle.vim
./usr/share/vim/vim82/syntax/apache.vim
./usr/share/vim/vim82/syntax/arch.vim
./usr/share/vim/vim82/syntax/art.vim
./usr/share/vim/vim82/syntax/asm68k.vim
./usr/share/vim/vim82/syntax/asmh8300.vim
./usr/share/vim/vim82/syntax/asm.vim
./usr/share/vim/vim82/syntax/asn.vim
./usr/share/vim/vim82/syntax/aspperl.vim
./usr/share/vim/vim82/syntax/aspvbs.vim
./usr/share/vim/vim82/syntax/asterisk.vim
./usr/share/vim/vim82/syntax/asteriskvm.vim
./usr/share/vim/vim82/syntax/atlas.vim
./usr/share/vim/vim82/syntax/autohotkey.vim
./usr/share/vim/vim82/syntax/autoit.vim
./usr/share/vim/vim82/syntax/automake.vim
./usr/share/vim/vim82/syntax/ave.vim
./usr/share/vim/vim82/syntax/awk.vim
./usr/share/vim/vim82/syntax/ayacc.vim
./usr/share/vim/vim82/syntax/baan.vim
./usr/share/vim/vim82/syntax/basic.vim
./usr/share/vim/vim82/syntax/bc.vim
./usr/share/vim/vim82/syntax/bdf.vim
./usr/share/vim/vim82/syntax/bib.vim
./usr/share/vim/vim82/syntax/bindzone.vim
./usr/share/vim/vim82/syntax/blank.vim
./usr/share/vim/vim82/syntax/bst.vim
./usr/share/vim/vim82/syntax/btm.vim
./usr/share/vim/vim82/syntax/b.vim
./usr/share/vim/vim82/syntax/bzr.vim
./usr/share/vim/vim82/syntax/calendar.vim
./usr/share/vim/vim82/syntax/catalog.vim
./usr/share/vim/vim82/syntax/cdl.vim
./usr/share/vim/vim82/syntax/cdrtoc.vim
./usr/share/vim/vim82/syntax/cfg.vim
./usr/share/vim/vim82/syntax/cf.vim
./usr/share/vim/vim82/syntax/changelog.vim
./usr/share/vim/vim82/syntax/change.vim
./usr/share/vim/vim82/syntax/chaskell.vim
./usr/share/vim/vim82/syntax/cheetah.vim
./usr/share/vim/vim82/syntax/chill.vim
./usr/share/vim/vim82/syntax/chordpro.vim
./usr/share/vim/vim82/syntax/ch.vim
./usr/share/vim/vim82/syntax/clean.vim
./usr/share/vim/vim82/syntax/clipper.vim
./usr/share/vim/vim82/syntax/cl.vim
./usr/share/vim/vim82/syntax/cmake.vim
./usr/share/vim/vim82/syntax/cmusrc.vim
./usr/share/vim/vim82/syntax/cobol.vim
./usr/share/vim/vim82/syntax/colortest.vim
./usr/share/vim/vim82/syntax/conaryrecipe.vim
./usr/share/vim/vim82/syntax/config.vim
./usr/share/vim/vim82/syntax/conf.vim
./usr/share/vim/vim82/syntax/context.vim
./usr/share/vim/vim82/syntax/cpp.vim
./usr/share/vim/vim82/syntax/crm.vim
./usr/share/vim/vim82/syntax/crontab.vim
./usr/share/vim/vim82/syntax/csc.vim
./usr/share/vim/vim82/syntax/csh.vim
./usr/share/vim/vim82/syntax/csp.vim
./usr/share/vim/vim82/syntax/css.vim
./usr/share/vim/vim82/syntax/cs.vim
./usr/share/vim/vim82/syntax/cterm.vim
./usr/share/vim/vim82/syntax/ctrlh.vim
./usr/share/vim/vim82/syntax/cuplsim.vim
./usr/share/vim/vim82/syntax/cupl.vim
./usr/share/vim/vim82/syntax/c.vim
./usr/share/vim/vim82/syntax/cvsrc.vim
./usr/share/vim/vim82/syntax/cvs.vim
./usr/share/vim/vim82/syntax/cweb.vim
./usr/share/vim/vim82/syntax/cynlib.vim
./usr/share/vim/vim82/syntax/cynpp.vim
./usr/share/vim/vim82/syntax/dcd.vim
./usr/share/vim/vim82/syntax/dcl.vim
./usr/share/vim/vim82/syntax/debchangelog.vim
./usr/share/vim/vim82/syntax/debcontrol.vim
./usr/share/vim/vim82/syntax/debsources.vim
./usr/share/vim/vim82/syntax/def.vim
./usr/share/vim/vim82/syntax/desc.vim
./usr/share/vim/vim82/syntax/desktop.vim
./usr/share/vim/vim82/syntax/dictconf.vim
./usr/share/vim/vim82/syntax/dictdconf.vim
./usr/share/vim/vim82/syntax/diff.vim
./usr/share/vim/vim82/syntax/dircolors.vim
./usr/share/vim/vim82/syntax/diva.vim
./usr/share/vim/vim82/syntax/django.vim
./usr/share/vim/vim82/syntax/dns.vim
./usr/share/vim/vim82/syntax/docbksgml.vim
./usr/share/vim/vim82/syntax/docbk.vim
./usr/share/vim/vim82/syntax/docbkxml.vim
./usr/share/vim/vim82/syntax/dosbatch.vim
./usr/share/vim/vim82/syntax/dosini.vim
./usr/share/vim/vim82/syntax/dot.vim
./usr/share/vim/vim82/syntax/doxygen.vim
./usr/share/vim/vim82/syntax/dracula.vim
./usr/share/vim/vim82/syntax/dsl.vim
./usr/share/vim/vim82/syntax/dtd.vim
./usr/share/vim/vim82/syntax/dtml.vim
./usr/share/vim/vim82/syntax/d.vim
./usr/share/vim/vim82/syntax/dylanintr.vim
./usr/share/vim/vim82/syntax/dylanlid.vim
./usr/share/vim/vim82/syntax/dylan.vim
./usr/share/vim/vim82/syntax/ecd.vim
./usr/share/vim/vim82/syntax/edif.vim
./usr/share/vim/vim82/syntax/eiffel.vim
./usr/share/vim/vim82/syntax/elf.vim
./usr/share/vim/vim82/syntax/elinks.vim
./usr/share/vim/vim82/syntax/elmfilt.vim
./usr/share/vim/vim82/syntax/erlang.vim
./usr/share/vim/vim82/syntax/eruby.vim
./usr/share/vim/vim82/syntax/esmtprc.vim
./usr/share/vim/vim82/syntax/esqlc.vim
./usr/share/vim/vim82/syntax/esterel.vim
./usr/share/vim/vim82/syntax/eterm.vim
./usr/share/vim/vim82/syntax/eviews.vim
./usr/share/vim/vim82/syntax/exim.vim
./usr/share/vim/vim82/syntax/expect.vim
./usr/share/vim/vim82/syntax/exports.vim
./usr/share/vim/vim82/syntax/fasm.vim
./usr/share/vim/vim82/syntax/fdcc.vim
./usr/share/vim/vim82/syntax/fetchmail.vim
./usr/share/vim/vim82/syntax/fgl.vim
./usr/share/vim/vim82/syntax/flexwiki.vim
./usr/share/vim/vim82/syntax/focexec.vim
./usr/share/vim/vim82/syntax/form.vim
./usr/share/vim/vim82/syntax/forth.vim
./usr/share/vim/vim82/syntax/fortran.vim
./usr/share/vim/vim82/syntax/foxpro.vim
./usr/share/vim/vim82/syntax/framescript.vim
./usr/share/vim/vim82/syntax/freebasic.vim
./usr/share/vim/vim82/syntax/fstab.vim
./usr/share/vim/vim82/syntax/fvwm2m4.vim
./usr/share/vim/vim82/syntax/fvwm.vim
./usr/share/vim/vim82/syntax/gdb.vim
./usr/share/vim/vim82/syntax/gdmo.vim
./usr/share/vim/vim82/syntax/gedcom.vim
./usr/share/vim/vim82/syntax/gkrellmrc.vim
./usr/share/vim/vim82/syntax/gnuplot.vim
./usr/share/vim/vim82/syntax/gpg.vim
./usr/share/vim/vim82/syntax/gp.vim
./usr/share/vim/vim82/syntax/grads.vim
./usr/share/vim/vim82/syntax/gretl.vim
./usr/share/vim/vim82/syntax/groff.vim
./usr/share/vim/vim82/syntax/groovy.vim
./usr/share/vim/vim82/syntax/group.vim
./usr/share/vim/vim82/syntax/grub.vim
./usr/share/vim/vim82/syntax/gsp.vim
./usr/share/vim/vim82/syntax/gtkrc.vim
./usr/share/vim/vim82/syntax/hamster.vim
./usr/share/vim/vim82/syntax/haskell.vim
./usr/share/vim/vim82/syntax/hb.vim
./usr/share/vim/vim82/syntax/help.vim
./usr/share/vim/vim82/syntax/hercules.vim
./usr/share/vim/vim82/syntax/hex.vim
./usr/share/vim/vim82/syntax/hitest.vim
./usr/share/vim/vim82/syntax/hog.vim
./usr/share/vim/vim82/syntax/htmlcheetah.vim
./usr/share/vim/vim82/syntax/htmldjango.vim
./usr/share/vim/vim82/syntax/htmlm4.vim
./usr/share/vim/vim82/syntax/htmlos.vim
./usr/share/vim/vim82/syntax/html.vim
./usr/share/vim/vim82/syntax/ia64.vim
./usr/share/vim/vim82/syntax/ibasic.vim
./usr/share/vim/vim82/syntax/icemenu.vim
./usr/share/vim/vim82/syntax/icon.vim
./usr/share/vim/vim82/syntax/idlang.vim
./usr/share/vim/vim82/syntax/idl.vim
./usr/share/vim/vim82/syntax/indent.vim
./usr/share/vim/vim82/syntax/inform.vim
./usr/share/vim/vim82/syntax/initex.vim
./usr/share/vim/vim82/syntax/initng.vim
./usr/share/vim/vim82/syntax/inittab.vim
./usr/share/vim/vim82/syntax/ipfilter.vim
./usr/share/vim/vim82/syntax/ishd.vim
./usr/share/vim/vim82/syntax/iss.vim
./usr/share/vim/vim82/syntax/ist.vim
./usr/share/vim/vim82/syntax/jal.vim
./usr/share/vim/vim82/syntax/jam.vim
./usr/share/vim/vim82/syntax/jargon.vim
./usr/share/vim/vim82/syntax/javacc.vim
./usr/share/vim/vim82/syntax/javascript.vim
./usr/share/vim/vim82/syntax/java.vim
./usr/share/vim/vim82/syntax/jess.vim
./usr/share/vim/vim82/syntax/jgraph.vim
./usr/share/vim/vim82/syntax/jproperties.vim
./usr/share/vim/vim82/syntax/jsp.vim
./usr/share/vim/vim82/syntax/kconfig.vim
./usr/share/vim/vim82/syntax/kix.vim
./usr/share/vim/vim82/syntax/kscript.vim
./usr/share/vim/vim82/syntax/kwt.vim
./usr/share/vim/vim82/syntax/lace.vim
./usr/share/vim/vim82/syntax/latte.vim
./usr/share/vim/vim82/syntax/ldapconf.vim
./usr/share/vim/vim82/syntax/ldif.vim
./usr/share/vim/vim82/syntax/ld.vim
./usr/share/vim/vim82/syntax/lex.vim
./usr/share/vim/vim82/syntax/lftp.vim
./usr/share/vim/vim82/syntax/lhaskell.vim
./usr/share/vim/vim82/syntax/libao.vim
./usr/share/vim/vim82/syntax/lifelines.vim
./usr/share/vim/vim82/syntax/lilo.vim
./usr/share/vim/vim82/syntax/limits.vim
./usr/share/vim/vim82/syntax/lisp.vim
./usr/share/vim/vim82/syntax/litestep.vim
./usr/share/vim/vim82/syntax/lite.vim
./usr/share/vim/vim82/syntax/loginaccess.vim
./usr/share/vim/vim82/syntax/logindefs.vim
./usr/share/vim/vim82/syntax/logtalk.vim
./usr/share/vim/vim82/syntax/lotos.vim
./usr/share/vim/vim82/syntax/lout.vim
./usr/share/vim/vim82/syntax/lpc.vim
./usr/share/vim/vim82/syntax/lprolog.vim
./usr/share/vim/vim82/syntax/lscript.vim
./usr/share/vim/vim82/syntax/lss.vim
./usr/share/vim/vim82/syntax/lua.vim
./usr/share/vim/vim82/syntax/lynx.vim
./usr/share/vim/vim82/syntax/m4.vim
./usr/share/vim/vim82/syntax/mailaliases.vim
./usr/share/vim/vim82/syntax/mailcap.vim
./usr/share/vim/vim82/syntax/mail.vim
./usr/share/vim/vim82/syntax/make.vim
./usr/share/vim/vim82/syntax/manconf.vim
./usr/share/vim/vim82/syntax/manual.vim
./usr/share/vim/vim82/syntax/man.vim
./usr/share/vim/vim82/syntax/maple.vim
./usr/share/vim/vim82/syntax/masm.vim
./usr/share/vim/vim82/syntax/mason.vim
./usr/share/vim/vim82/syntax/master.vim
./usr/share/vim/vim82/syntax/matlab.vim
./usr/share/vim/vim82/syntax/maxima.vim
./usr/share/vim/vim82/syntax/mel.vim
./usr/share/vim/vim82/syntax/messages.vim
./usr/share/vim/vim82/syntax/mf.vim
./usr/share/vim/vim82/syntax/mgl.vim
./usr/share/vim/vim82/syntax/mgp.vim
./usr/share/vim/vim82/syntax/mib.vim
./usr/share/vim/vim82/syntax/mma.vim
./usr/share/vim/vim82/syntax/mmix.vim
./usr/share/vim/vim82/syntax/modconf.vim
./usr/share/vim/vim82/syntax/model.vim
./usr/share/vim/vim82/syntax/modsim3.vim
./usr/share/vim/vim82/syntax/modula2.vim
./usr/share/vim/vim82/syntax/modula3.vim
./usr/share/vim/vim82/syntax/monk.vim
./usr/share/vim/vim82/syntax/moo.vim
./usr/share/vim/vim82/syntax/mplayerconf.vim
./usr/share/vim/vim82/syntax/mp.vim
./usr/share/vim/vim82/syntax/mrxvtrc.vim
./usr/share/vim/vim82/syntax/msidl.vim
./usr/share/vim/vim82/syntax/msql.vim
./usr/share/vim/vim82/syntax/mupad.vim
./usr/share/vim/vim82/syntax/mush.vim
./usr/share/vim/vim82/syntax/muttrc.vim
./usr/share/vim/vim82/syntax/mysql.vim
./usr/share/vim/vim82/syntax/named.vim
./usr/share/vim/vim82/syntax/nanorc.vim
./usr/share/vim/vim82/syntax/nasm.vim
./usr/share/vim/vim82/syntax/nastran.vim
./usr/share/vim/vim82/syntax/natural.vim
./usr/share/vim/vim82/syntax/ncf.vim
./usr/share/vim/vim82/syntax/netrc.vim
./usr/share/vim/vim82/syntax/netrw.vim
./usr/share/vim/vim82/syntax/nosyntax.vim
./usr/share/vim/vim82/syntax/nqc.vim
./usr/share/vim/vim82/syntax/nroff.vim
./usr/share/vim/vim82/syntax/nsis.vim
./usr/share/vim/vim82/syntax/objcpp.vim
./usr/share/vim/vim82/syntax/objc.vim
./usr/share/vim/vim82/syntax/ocaml.vim
./usr/share/vim/vim82/syntax/occam.vim
./usr/share/vim/vim82/syntax/omnimark.vim
./usr/share/vim/vim82/syntax/openroad.vim
./usr/share/vim/vim82/syntax/opl.vim
./usr/share/vim/vim82/syntax/ora.vim
./usr/share/vim/vim82/syntax/pamconf.vim
./usr/share/vim/vim82/syntax/papp.vim
./usr/share/vim/vim82/syntax/pascal.vim
./usr/share/vim/vim82/syntax/passwd.vim
./usr/share/vim/vim82/syntax/pcap.vim
./usr/share/vim/vim82/syntax/pccts.vim
./usr/share/vim/vim82/syntax/perl.vim
./usr/share/vim/vim82/syntax/pfmain.vim
./usr/share/vim/vim82/syntax/pf.vim
./usr/share/vim/vim82/syntax/php.vim
./usr/share/vim/vim82/syntax/phtml.vim
./usr/share/vim/vim82/syntax/pic.vim
./usr/share/vim/vim82/syntax/pike.vim
./usr/share/vim/vim82/syntax/pilrc.vim
./usr/share/vim/vim82/syntax/pine.vim
./usr/share/vim/vim82/syntax/pinfo.vim
./usr/share/vim/vim82/syntax/plaintex.vim
./usr/share/vim/vim82/syntax/plm.vim
./usr/share/vim/vim82/syntax/plp.vim
./usr/share/vim/vim82/syntax/plsql.vim
./usr/share/vim/vim82/syntax/pod.vim
./usr/share/vim/vim82/syntax/postscr.vim
./usr/share/vim/vim82/syntax/po.vim
./usr/share/vim/vim82/syntax/povini.vim
./usr/share/vim/vim82/syntax/pov.vim
./usr/share/vim/vim82/syntax/ppd.vim
./usr/share/vim/vim82/syntax/ppwiz.vim
./usr/share/vim/vim82/syntax/prescribe.vim
./usr/share/vim/vim82/syntax/privoxy.vim
./usr/share/vim/vim82/syntax/procmail.vim
./usr/share/vim/vim82/syntax/progress.vim
./usr/share/vim/vim82/syntax/prolog.vim
./usr/share/vim/vim82/syntax/protocols.vim
./usr/share/vim/vim82/syntax/psf.vim
./usr/share/vim/vim82/syntax/ptcap.vim
./usr/share/vim/vim82/syntax/purifylog.vim
./usr/share/vim/vim82/syntax/pyrex.vim
./usr/share/vim/vim82/syntax/python.vim
./usr/share/vim/vim82/syntax/qf.vim
./usr/share/vim/vim82/syntax/quake.vim
./usr/share/vim/vim82/syntax/racc.vim
./usr/share/vim/vim82/syntax/radiance.vim
./usr/share/vim/vim82/syntax/ratpoison.vim
./usr/share/vim/vim82/syntax/rcslog.vim
./usr/share/vim/vim82/syntax/rcs.vim
./usr/share/vim/vim82/syntax/rc.vim
./usr/share/vim/vim82/syntax/readline.vim
./usr/share/vim/vim82/syntax/README.txt
./usr/share/vim/vim82/syntax/rebol.vim
./usr/share/vim/vim82/syntax/registry.vim
./usr/share/vim/vim82/syntax/remind.vim
./usr/share/vim/vim82/syntax/resolv.vim
./usr/share/vim/vim82/syntax/rexx.vim
./usr/share/vim/vim82/syntax/rhelp.vim
./usr/share/vim/vim82/syntax/rib.vim
./usr/share/vim/vim82/syntax/rnc.vim
./usr/share/vim/vim82/syntax/rnoweb.vim
./usr/share/vim/vim82/syntax/robots.vim
./usr/share/vim/vim82/syntax/rpcgen.vim
./usr/share/vim/vim82/syntax/rpl.vim
./usr/share/vim/vim82/syntax/rst.vim
./usr/share/vim/vim82/syntax/rtf.vim
./usr/share/vim/vim82/syntax/ruby.vim
./usr/share/vim/vim82/syntax/r.vim
./usr/share/vim/vim82/syntax/samba.vim
./usr/share/vim/vim82/syntax/sas.vim
./usr/share/vim/vim82/syntax/sather.vim
./usr/share/vim/vim82/syntax/scheme.vim
./usr/share/vim/vim82/syntax/scilab.vim
./usr/share/vim/vim82/syntax/screen.vim
./usr/share/vim/vim82/syntax/sdl.vim
./usr/share/vim/vim82/syntax/sd.vim
./usr/share/vim/vim82/syntax/sed.vim
./usr/share/vim/vim82/syntax/sendpr.vim
./usr/share/vim/vim82/syntax/sensors.vim
./usr/share/vim/vim82/syntax/services.vim
./usr/share/vim/vim82/syntax/setserial.vim
./usr/share/vim/vim82/syntax/sgmldecl.vim
./usr/share/vim/vim82/syntax/sgmllnx.vim
./usr/share/vim/vim82/syntax/sgml.vim
./usr/share/vim/vim82/syntax/sh.vim
./usr/share/vim/vim82/syntax/sicad.vim
./usr/share/vim/vim82/syntax/sieve.vim
./usr/share/vim/vim82/syntax/simula.vim
./usr/share/vim/vim82/syntax/sindacmp.vim
./usr/share/vim/vim82/syntax/sindaout.vim
./usr/share/vim/vim82/syntax/sinda.vim
./usr/share/vim/vim82/syntax/sisu.vim
./usr/share/vim/vim82/syntax/skill.vim
./usr/share/vim/vim82/syntax/slang.vim
./usr/share/vim/vim82/syntax/slice.vim
./usr/share/vim/vim82/syntax/slpconf.vim
./usr/share/vim/vim82/syntax/slpreg.vim
./usr/share/vim/vim82/syntax/slpspi.vim
./usr/share/vim/vim82/syntax/slrnrc.vim
./usr/share/vim/vim82/syntax/slrnsc.vim
./usr/share/vim/vim82/syntax/sl.vim
./usr/share/vim/vim82/syntax/smarty.vim
./usr/share/vim/vim82/syntax/smcl.vim
./usr/share/vim/vim82/syntax/smil.vim
./usr/share/vim/vim82/syntax/smith.vim
./usr/share/vim/vim82/syntax/sml.vim
./usr/share/vim/vim82/syntax/sm.vim
./usr/share/vim/vim82/syntax/snnsnet.vim
./usr/share/vim/vim82/syntax/snnspat.vim
./usr/share/vim/vim82/syntax/snnsres.vim
./usr/share/vim/vim82/syntax/snobol4.vim
./usr/share/vim/vim82/syntax/specman.vim
./usr/share/vim/vim82/syntax/spec.vim
./usr/share/vim/vim82/syntax/spice.vim
./usr/share/vim/vim82/syntax/splint.vim
./usr/share/vim/vim82/syntax/spup.vim
./usr/share/vim/vim82/syntax/spyce.vim
./usr/share/vim/vim82/syntax/sqlanywhere.vim
./usr/share/vim/vim82/syntax/sqlforms.vim
./usr/share/vim/vim82/syntax/sqlinformix.vim
./usr/share/vim/vim82/syntax/sqlj.vim
./usr/share/vim/vim82/syntax/sqloracle.vim
./usr/share/vim/vim82/syntax/sql.vim
./usr/share/vim/vim82/syntax/sqr.vim
./usr/share/vim/vim82/syntax/squid.vim
./usr/share/vim/vim82/syntax/sshconfig.vim
./usr/share/vim/vim82/syntax/sshdconfig.vim
./usr/share/vim/vim82/syntax/stata.vim
./usr/share/vim/vim82/syntax/stp.vim
./usr/share/vim/vim82/syntax/strace.vim
./usr/share/vim/vim82/syntax/st.vim
./usr/share/vim/vim82/syntax/sudoers.vim
./usr/share/vim/vim82/syntax/svn.vim
./usr/share/vim/vim82/syntax/syncolor.vim
./usr/share/vim/vim82/syntax/synload.vim
./usr/share/vim/vim82/syntax/syntax.vim
./usr/share/vim/vim82/syntax/sysctl.vim
./usr/share/vim/vim82/syntax/tads.vim
./usr/share/vim/vim82/syntax/tags.vim
./usr/share/vim/vim82/syntax/takcmp.vim
./usr/share/vim/vim82/syntax/takout.vim
./usr/share/vim/vim82/syntax/tak.vim
./usr/share/vim/vim82/syntax/tar.vim
./usr/share/vim/vim82/syntax/tasm.vim
./usr/share/vim/vim82/syntax/tcl.vim
./usr/share/vim/vim82/syntax/tcsh.vim
./usr/share/vim/vim82/syntax/terminfo.vim
./usr/share/vim/vim82/syntax/texinfo.vim
./usr/share/vim/vim82/syntax/texmf.vim
./usr/share/vim/vim82/syntax/tex.vim
./usr/share/vim/vim82/syntax/tf.vim
./usr/share/vim/vim82/syntax/tidy.vim
./usr/share/vim/vim82/syntax/tilde.vim
./usr/share/vim/vim82/syntax/tli.vim
./usr/share/vim/vim82/syntax/tpp.vim
./usr/share/vim/vim82/syntax/trasys.vim
./usr/share/vim/vim82/syntax/trustees.vim
./usr/share/vim/vim82/syntax/tsalt.vim
./usr/share/vim/vim82/syntax/tsscl.vim
./usr/share/vim/vim82/syntax/tssgm.vim
./usr/share/vim/vim82/syntax/tssop.vim
./usr/share/vim/vim82/syntax/uc.vim
./usr/share/vim/vim82/syntax/udevconf.vim
./usr/share/vim/vim82/syntax/udevperm.vim
./usr/share/vim/vim82/syntax/udevrules.vim
./usr/share/vim/vim82/syntax/uil.vim
./usr/share/vim/vim82/syntax/updatedb.vim
./usr/share/vim/vim82/syntax/valgrind.vim
./usr/share/vim/vim82/syntax/vb.vim
./usr/share/vim/vim82/syntax/vera.vim
./usr/share/vim/vim82/syntax/verilogams.vim
./usr/share/vim/vim82/syntax/verilog.vim
./usr/share/vim/vim82/syntax/vgrindefs.vim
./usr/share/vim/vim82/syntax/vhdl.vim
./usr/share/vim/vim82/syntax/viminfo.vim
./usr/share/vim/vim82/syntax/vim.vim
./usr/share/vim/vim82/syntax/virata.vim
./usr/share/vim/vim82/syntax/vmasm.vim
./usr/share/vim/vim82/syntax/vrml.vim
./usr/share/vim/vim82/syntax/vsejcl.vim
./usr/share/vim/vim82/syntax/wdiff.vim
./usr/share/vim/vim82/syntax/webmacro.vim
./usr/share/vim/vim82/syntax/web.vim
./usr/share/vim/vim82/syntax/wget.vim
./usr/share/vim/vim82/syntax/whitespace.vim
./usr/share/vim/vim82/syntax/winbatch.vim
./usr/share/vim/vim82/syntax/wml.vim
./usr/share/vim/vim82/syntax/wsh.vim
./usr/share/vim/vim82/syntax/wsml.vim
./usr/share/vim/vim82/syntax/wvdial.vim
./usr/share/vim/vim82/syntax/xdefaults.vim
./usr/share/vim/vim82/syntax/xf86conf.vim
./usr/share/vim/vim82/syntax/xhtml.vim
./usr/share/vim/vim82/syntax/xinetd.vim
./usr/share/vim/vim82/syntax/xkb.vim
./usr/share/vim/vim82/syntax/xmath.vim
./usr/share/vim/vim82/syntax/xml.vim
./usr/share/vim/vim82/syntax/xmodmap.vim
./usr/share/vim/vim82/syntax/xpm2.vim
./usr/share/vim/vim82/syntax/xpm.vim
./usr/share/vim/vim82/syntax/xquery.vim
./usr/share/vim/vim82/syntax/xsd.vim
./usr/share/vim/vim82/syntax/xslt.vim
./usr/share/vim/vim82/syntax/xs.vim
./usr/share/vim/vim82/syntax/xxd.vim
./usr/share/vim/vim82/syntax/yacc.vim
./usr/share/vim/vim82/syntax/yaml.vim
./usr/share/vim/vim82/syntax/z8a.vim
./usr/share/vim/vim82/syntax/zsh.vim
./usr/share/vim/vim82/tutor
./usr/share/vim/vim82/vimrc_example.vim
